<?xml version="1.0" encoding="UTF-8"?>
<testsuite xmlns:xsi="http://www.w3.org/2001/XMLSchema-instance" xsi:noNamespaceSchemaLocation="https://maven.apache.org/surefire/maven-surefire-plugin/xsd/surefire-test-report-3.0.xsd" version="3.0" name="com.nutritionix.eurekaserver.EurekaServerApplicationTests" time="9.772" tests="1" errors="0" skipped="0" failures="0">
  <properties>
[...]
</properties>
  <testcase name="contextLoads" classname="com.nutritionix.eurekaserver.EurekaServerApplicationTests" time="1.923">
    <system-out><![CDATA[19:07:28.822 [main] INFO org.springframework.test.context.support.AnnotationConfigContextLoaderUtils -- Could not detect default configuration classes for test class [com.nutritionix.eurekaserver.EurekaServerApplicationTests]: EurekaServerApplicationTests does not declare any static, non-private, non-final, nested classes annotated with @Configuration.
19:07:29.036 [main] INFO org.springframework.boot.test.context.SpringBootTestContextBootstrapper -- Found @SpringBootConfiguration com.nutritionix.eurekaserver.EurekaServerApplication for test class com.nutritionix.eurekaserver.EurekaServerApplicationTests

  .   ____          _            __ _ _
 /\\ / ___'_ __ _ _(_)_ __  __ _ \ \ \ \
( ( )\___ | '_ | '_| | '_ \/ _` | \ \ \ \
 \\/  ___)| |_)| | | | | || (_| |  ) ) ) )
  '  |____| .__|_| |_|_| |_\__, | / / / /
 =========|_|==============|___/=/_/_/_/
 :: Spring Boot ::                (v3.1.5)

2024-01-04T19:07:29.906+05:30  INFO 18992 --- [           main] c.n.e.EurekaServerApplicationTests       : Starting EurekaServerApplicationTests using Java 17.0.7 with PID 18992 (started by 2101892 in C:\Users\2101892\STS\NutritionixAppFinal\eureka-server\eureka-server)
2024-01-04T19:07:29.908+05:30  INFO 18992 --- [           main] c.n.e.EurekaServerApplicationTests       : No active profile set, falling back to 1 default profile: "default"
2024-01-04T19:07:31.876+05:30  INFO 18992 --- [           main] o.s.cloud.context.scope.GenericScope     : BeanFactory id=658a9fa3-cab4-34cc-bb80-c31143560392
2024-01-04T19:07:34.521+05:30  WARN 18992 --- [           main] iguration$LoadBalancerCaffeineWarnLogger : Spring Cloud LoadBalancer is currently working with the default cache. While this cache implementation is useful for development and tests, it's recommended to use Caffeine cache in production.You can switch to using Caffeine cache, by adding it and org.springframework.cache.caffeine.CaffeineCacheManager to the classpath.
2024-01-04T19:07:34.953+05:30  INFO 18992 --- [           main] o.s.c.n.eureka.InstanceInfoFactory       : Setting initial instance status as: STARTING
2024-01-04T19:07:35.040+05:30  INFO 18992 --- [           main] com.netflix.discovery.DiscoveryClient    : Initializing Eureka in region us-east-1
2024-01-04T19:07:35.045+05:30  INFO 18992 --- [           main] com.netflix.discovery.DiscoveryClient    : Client configured to neither register nor query for data.
2024-01-04T19:07:35.074+05:30  INFO 18992 --- [           main] com.netflix.discovery.DiscoveryClient    : Discovery Client initialized at timestamp 1704375455072 with initial instances count: 0
2024-01-04T19:07:35.176+05:30  INFO 18992 --- [           main] c.n.eureka.DefaultEurekaServerContext    : Initializing ...
2024-01-04T19:07:35.180+05:30  INFO 18992 --- [           main] c.n.eureka.cluster.PeerEurekaNodes       : Adding new peer nodes [http://localhost:8761/eureka/]
2024-01-04T19:07:35.694+05:30  INFO 18992 --- [           main] c.n.d.provider.DiscoveryJerseyProvider   : Using JSON encoding codec LegacyJacksonJson
2024-01-04T19:07:35.694+05:30  INFO 18992 --- [           main] c.n.d.provider.DiscoveryJerseyProvider   : Using JSON decoding codec LegacyJacksonJson
2024-01-04T19:07:35.695+05:30  INFO 18992 --- [           main] c.n.d.provider.DiscoveryJerseyProvider   : Using XML encoding codec XStreamXml
2024-01-04T19:07:35.695+05:30  INFO 18992 --- [           main] c.n.d.provider.DiscoveryJerseyProvider   : Using XML decoding codec XStreamXml
2024-01-04T19:07:35.910+05:30  INFO 18992 --- [           main] c.n.eureka.cluster.PeerEurekaNodes       : Replica node URL:  http://localhost:8761/eureka/
2024-01-04T19:07:35.923+05:30  INFO 18992 --- [           main] c.n.e.registry.AbstractInstanceRegistry  : Finished initializing remote region registries. All known remote regions: []
2024-01-04T19:07:35.924+05:30  INFO 18992 --- [           main] c.n.eureka.DefaultEurekaServerContext    : Initialized
2024-01-04T19:07:36.227+05:30  INFO 18992 --- [           main] o.s.b.a.e.web.EndpointLinksResolver      : Exposing 1 endpoint(s) beneath base path '/actuator'
2024-01-04T19:07:36.302+05:30  INFO 18992 --- [           main] o.s.c.n.e.s.EurekaServiceRegistry        : Registering application UNKNOWN with eureka with status UP
2024-01-04T19:07:36.326+05:30  INFO 18992 --- [           main] c.n.e.EurekaServerApplicationTests       : Started EurekaServerApplicationTests in 7.028 seconds (process running for 8.966)
2024-01-04T19:07:36.326+05:30  INFO 18992 --- [      Thread-10] o.s.c.n.e.server.EurekaServerBootstrap   : isAws returned false
2024-01-04T19:07:36.328+05:30  INFO 18992 --- [      Thread-10] o.s.c.n.e.server.EurekaServerBootstrap   : Initialized server context
2024-01-04T19:07:36.328+05:30  INFO 18992 --- [      Thread-10] c.n.e.r.PeerAwareInstanceRegistryImpl    : Got 1 instances from neighboring DS node
2024-01-04T19:07:36.329+05:30  INFO 18992 --- [      Thread-10] c.n.e.r.PeerAwareInstanceRegistryImpl    : Renew threshold is: 1
2024-01-04T19:07:36.329+05:30  INFO 18992 --- [      Thread-10] c.n.e.r.PeerAwareInstanceRegistryImpl    : Changing status to UP
2024-01-04T19:07:36.350+05:30  INFO 18992 --- [      Thread-10] e.s.EurekaServerInitializerConfiguration : Started Eureka Server
]]></system-out>
  </testcase>
</testsuite>